.\Debug\unete.pdb
C:\projects\nchip.com\projects\unete\.\Debug\unete.exe.intermediate.manifest
C:\PROJECTS\NCHIP.COM\PROJECTS\UNETE\DEBUG\ARP.OBJ
C:\PROJECTS\NCHIP.COM\PROJECTS\UNETE\DEBUG\AUTOBAUD.OBJ
C:\projects\nchip.com\projects\unete\Debug\cl.command.1.tlog
C:\projects\nchip.com\projects\unete\Debug\CL.read.1.tlog
C:\projects\nchip.com\projects\unete\Debug\CL.write.1.tlog
C:\PROJECTS\NCHIP.COM\PROJECTS\UNETE\DEBUG\CONIO.OBJ
C:\PROJECTS\NCHIP.COM\PROJECTS\UNETE\DEBUG\CONSOLE.OBJ
C:\PROJECTS\NCHIP.COM\PROJECTS\UNETE\DEBUG\DHCP.OBJ
C:\PROJECTS\NCHIP.COM\PROJECTS\UNETE\DEBUG\EMAIN.OBJ
C:\PROJECTS\NCHIP.COM\PROJECTS\UNETE\DEBUG\ENC28J60.OBJ
C:\PROJECTS\NCHIP.COM\PROJECTS\UNETE\DEBUG\GLOBALS.OBJ
C:\PROJECTS\NCHIP.COM\PROJECTS\UNETE\DEBUG\IRCMD.OBJ
C:\projects\nchip.com\projects\unete\Debug\link.command.1.tlog
C:\projects\nchip.com\projects\unete\Debug\link.read.1.tlog
C:\projects\nchip.com\projects\unete\Debug\link.write.1.tlog
C:\PROJECTS\NCHIP.COM\PROJECTS\UNETE\DEBUG\MEMORY.OBJ
C:\PROJECTS\NCHIP.COM\PROJECTS\UNETE\DEBUG\MIP.OBJ
C:\PROJECTS\NCHIP.COM\PROJECTS\UNETE\DEBUG\MSG.OBJ
C:\PROJECTS\NCHIP.COM\PROJECTS\UNETE\DEBUG\MTCP.OBJ
C:\PROJECTS\NCHIP.COM\PROJECTS\UNETE\DEBUG\MUDP.OBJ
C:\PROJECTS\NCHIP.COM\PROJECTS\UNETE\DEBUG\RESOLVE.OBJ
C:\PROJECTS\NCHIP.COM\PROJECTS\UNETE\DEBUG\SREG.OBJ
C:\PROJECTS\NCHIP.COM\PROJECTS\UNETE\DEBUG\TIME.OBJ
C:\PROJECTS\NCHIP.COM\PROJECTS\UNETE\DEBUG\UDPCMD.OBJ
C:\projects\nchip.com\projects\unete\Debug\unete.exe.intermediate.manifest
C:\projects\nchip.com\projects\unete\Debug\unete.pdb
C:\projects\nchip.com\projects\unete\Debug\unete.vcxprojResolveAssemblyReference.cache
C:\projects\nchip.com\projects\unete\Debug\unete.write.1.tlog
C:\projects\nchip.com\projects\unete\Debug\vc100.idb
C:\PROJECTS\NCHIP.COM\PROJECTS\UNETE\DEBUG\VC100.PDB
C:\projects\nchip.com\projects\unete\Debug\vc60.idb
C:\projects\nchip.com\projects\unete\Debug\vc60.pdb
C:\PROJECTS\NCHIP.COM\PROJECTS\UNETE\DEBUG\WINPCAP_DRV.OBJ
